../instances/heur/heur001.gr 22 0 10 10 3.6e-05
../instances/heur/heur003.gr 2486 0 120 120 0.007361
../instances/heur/heur005.gr 3159 0 160 160 0.015536
../instances/heur/heur007.gr 6910 0 200 200 0.030222
../instances/heur/heur009.gr 902 0 250 235 0.027686
../instances/heur/heur011.gr 2860 0 250 250 0.033356
../instances/heur/heur013.gr 7136 0 250 250 0.04443
../instances/heur/heur015.gr 9339 0 300 300 0.080555
../instances/heur/heur017.gr 14326 0 300 300 0.081022
../instances/heur/heur019.gr 10816 0 300 300 0.07884
../instances/heur/heur021.gr 6822 0 320 320 0.116091
../instances/heur/heur023.gr 7778 0 329 314 0.113341
../instances/heur/heur025.gr 7804 0 329 328 0.106483
../instances/heur/heur027.gr 1411 0 330 330 0.05629
../instances/heur/heur029.gr 2859 0 330 330 0.062277
../instances/heur/heur031.gr 5425 0 330 330 0.068701
../instances/heur/heur033.gr 9642 0 330 330 0.078765
../instances/heur/heur035.gr 4145 0 345 345 0.119648
../instances/heur/heur037.gr 10350 0 347 347 0.151038
../instances/heur/heur039.gr 10594 0 361 360 0.131067
../instances/heur/heur041.gr 6576 0 361 361 0.141929
../instances/heur/heur043.gr 11583 0 374 374 0.184102
../instances/heur/heur045.gr 8072 0 391 362 0.161115
../instances/heur/heur047.gr 21157 0 391 391 0.244367
../instances/heur/heur049.gr 20339 0 400 400 0.200961
../instances/heur/heur051.gr 10102 0 400 400 0.158075
../instances/heur/heur053.gr 14108 0 400 400 0.158975
../instances/heur/heur055.gr 5993 0 449 449 0.202382
../instances/heur/heur057.gr 4187 0 491 482 0.211306
../instances/heur/heur059.gr 22003 0 491 491 0.355259
../instances/heur/heur061.gr 37261 0 500 500 0.402406
../instances/heur/heur063.gr 37769 0 500 500 0.389917
../instances/heur/heur065.gr 39598 0 500 500 0.441839
../instances/heur/heur067.gr 3955 0 533 507 0.308262
../instances/heur/heur069.gr 3749 0 551 443 0.324583
../instances/heur/heur071.gr 18873 0 551 551 0.526818
../instances/heur/heur073.gr 8676 0 601 601 0.472237
../instances/heur/heur075.gr 3581 0 620 560 0.376921
../instances/heur/heur077.gr 21675 0 620 620 0.510453
../instances/heur/heur079.gr 47353 0 620 620 0.550852
../instances/heur/heur081.gr 10504 0 871 761 1.15405
../instances/heur/heur083.gr 22659 0 871 865 1.46125
../instances/heur/heur085.gr 48900 0 871 871 2.06113
../instances/heur/heur087.gr 3524 0 885 574 1.28738
../instances/heur/heur089.gr 2697 0 885 762 1.25961
../instances/heur/heur091.gr 32174 0 926 854 1.68637
../instances/heur/heur093.gr 48197 0 926 926 2.05368
../instances/heur/heur095.gr 7942 0 1051 759 2.02702
../instances/heur/heur097.gr 6762 0 1051 1021 2.18212
../instances/heur/heur099.gr 28015 0 1190 1157 3.24197
../instances/heur/heur101.gr 49360 0 1190 1190 4.2863
../instances/heur/heur103.gr 19882 0 1292 1153 3.81924
../instances/heur/heur105.gr 60338 0 1292 1292 4.93923
../instances/heur/heur107.gr 6970 0 1345 1092 4.211
../instances/heur/heur109.gr 32505 0 1345 1244 4.91194
../instances/heur/heur111.gr 92276 0 1345 1345 7.5742
../instances/heur/heur113.gr 17016 0 1386 1315 4.5506
../instances/heur/heur115.gr 41327 0 1386 1386 5.70936
../instances/heur/heur117.gr 14910 0 2054 1806 16.0473
../instances/heur/heur119.gr 35881 0 2054 2054 16.4592
../instances/heur/heur121.gr 110340 0 2054 2054 20.6404
../instances/heur/heur123.gr 26040 0 2362 2357 23.7402
../instances/heur/heur125.gr 64605 0 2362 2362 25.8332
../instances/heur/heur127.gr 27959 0 2831 2506 36.627
../instances/heur/heur129.gr TLE
../instances/heur/heur131.gr 1021507 0 2831 2831 74.8223
../instances/heur/heur133.gr 445 445 2831 0 191.669
../instances/heur/heur135.gr 40470 0 2912 2552 41.0994
../instances/heur/heur137.gr 736351 0 2912 2912 85.0539
../instances/heur/heur139.gr 1456840 0 2912 2912 83.6204
../instances/heur/heur141.gr 5591 0 2936 710 39.3086
../instances/heur/heur143.gr 239219 0 2936 2936 50.9323
../instances/heur/heur145.gr 1702680 0 2936 2936 129.983
../instances/heur/heur147.gr 184797 0 2936 2936 49.3025
../instances/heur/heur149.gr 10168 0 2939 875 42.5625
../instances/heur/heur151.gr 69686 0 2939 2675 43.2124
../instances/heur/heur153.gr 258197 0 2939 2939 54.1022
../instances/heur/heur155.gr 751684 0 2939 2939 88.7777
../instances/heur/heur157.gr 1194441 0 2939 2939 118.583
../instances/heur/heur159.gr 1352022 0 2939 2939 88.8804
../instances/heur/heur161.gr 22268 0 2939 2939 42.4216
../instances/heur/heur163.gr 81265 0 3387 3212 76.338
../instances/heur/heur165.gr 517901 0 3387 3387 107.982
../instances/heur/heur167.gr 9657 0 5242 4623 203.936
../instances/heur/heur169.gr 13489 0 6474 6474 237.019
../instances/heur/heur171.gr 38924 0 8717 8717 825.168
../instances/heur/heur173.gr 24595 0 9877 9090 1289.25
../instances/heur/heur175.gr 85079 0 12008 11453 2401.01
../instances/heur/heur177.gr TLE
../instances/heur/heur179.gr TLE
../instances/heur/heur181.gr TLE
../instances/heur/heur183.gr TLE
../instances/heur/heur185.gr TLE
../instances/heur/heur187.gr TLE
../instances/heur/heur189.gr TLE
../instances/heur/heur191.gr TLE
../instances/heur/heur193.gr TLE
../instances/heur/heur195.gr TLE
../instances/heur/heur197.gr TLE
../instances/heur/heur199.gr TLE
