../instances/exact/exact001.gr 5 0 10 6 3.6e-05
../instances/exact/exact003.gr 60 0 20 20 8.9e-05
../instances/exact/exact005.gr 54 0 20 20 0.0001
../instances/exact/exact007.gr 127 0 30 30 0.000199
../instances/exact/exact009.gr 150 0 30 30 0.000206
../instances/exact/exact011.gr 123 0 30 30 0.000208
../instances/exact/exact013.gr 226 0 40 40 0.000493
../instances/exact/exact015.gr 257 0 40 40 0.000407
../instances/exact/exact017.gr 309 0 50 50 0.000681
../instances/exact/exact019.gr 389 0 50 50 0.000699
../instances/exact/exact021.gr 429 0 50 50 0.000615
../instances/exact/exact023.gr 383 0 60 60 0.000961
../instances/exact/exact025.gr 714 0 60 60 0.001117
../instances/exact/exact027.gr 681 0 70 70 0.001802
../instances/exact/exact029.gr 676 0 70 70 0.001686
../instances/exact/exact031.gr 352 0 70 70 0.001211
../instances/exact/exact033.gr 903 0 80 80 0.002622
../instances/exact/exact035.gr 1241 0 80 80 0.001984
../instances/exact/exact037.gr 953 0 90 90 0.003146
../instances/exact/exact039.gr 903 0 90 90 0.003172
../instances/exact/exact041.gr 506 0 90 90 0.002135
../instances/exact/exact043.gr 1357 0 100 100 0.004728
../instances/exact/exact045.gr 1285 0 100 100 0.00473
../instances/exact/exact047.gr 1023 0 100 100 0.00353
../instances/exact/exact049.gr 1505 0 113 113 0.005893
../instances/exact/exact051.gr 2122 0 120 120 0.007807
../instances/exact/exact053.gr 2486 0 120 120 0.007336
../instances/exact/exact055.gr 1981 0 120 120 0.006683
../instances/exact/exact057.gr 210 0 121 72 0.004546
../instances/exact/exact059.gr 2034 0 121 121 0.007696
../instances/exact/exact061.gr 127 0 129 83 0.005445
../instances/exact/exact063.gr 840 0 129 115 0.007282
../instances/exact/exact065.gr 128 0 129 129 0.004474
../instances/exact/exact067.gr 996 0 139 123 0.00914
../instances/exact/exact069.gr 3040 0 140 140 0.011766
../instances/exact/exact071.gr 3627 0 140 140 0.011358
../instances/exact/exact073.gr 2573 0 140 140 0.009398
../instances/exact/exact075.gr 176 0 144 84 0.007596
../instances/exact/exact077.gr 142 0 144 131 0.007472
../instances/exact/exact079.gr 77 0 159 60 0.008753
../instances/exact/exact081.gr 2693 0 159 159 0.015878
../instances/exact/exact083.gr 4007 0 160 160 0.017423
../instances/exact/exact085.gr 1360 0 160 160 0.010774
../instances/exact/exact087.gr 4587 0 160 160 0.014023
../instances/exact/exact089.gr 973 0 171 171 0.013053
../instances/exact/exact091.gr 4729 0 180 180 0.022755
../instances/exact/exact093.gr 6187 0 180 180 0.022787
../instances/exact/exact095.gr 679 0 180 180 0.012716
../instances/exact/exact097.gr 180 0 184 146 0.012358
../instances/exact/exact099.gr 1031 0 184 184 0.014775
../instances/exact/exact101.gr 6910 0 200 200 0.029957
../instances/exact/exact103.gr 6325 0 200 200 0.032857
../instances/exact/exact105.gr 6359 0 200 200 0.028369
../instances/exact/exact107.gr 410 0 204 152 0.017464
../instances/exact/exact109.gr 3355 0 204 181 0.029087
../instances/exact/exact111.gr 3357 0 204 199 0.026774
../instances/exact/exact113.gr 1098 0 204 204 0.017911
../instances/exact/exact115.gr 409 0 211 158 0.021635
../instances/exact/exact117.gr 3435 0 211 206 0.035387
../instances/exact/exact119.gr 764 0 213 105 0.021525
../instances/exact/exact121.gr 1501 0 213 213 0.029141
../instances/exact/exact123.gr 594 0 215 163 0.024558
../instances/exact/exact125.gr 1818 0 215 215 0.032632
../instances/exact/exact127.gr 140 0 216 163 0.024072
../instances/exact/exact129.gr 2840 0 216 216 0.033705
../instances/exact/exact131.gr 493 0 221 193 0.021976
../instances/exact/exact133.gr 7891 0 221 221 0.038731
../instances/exact/exact135.gr 1303 0 232 148 0.026806
../instances/exact/exact137.gr 18 2 232 23 0.061464
../instances/exact/exact139.gr 12424 0 232 232 0.033789
../instances/exact/exact141.gr 902 0 250 235 0.027676
../instances/exact/exact143.gr 2162 0 250 247 0.031743
../instances/exact/exact145.gr 2860 0 250 250 0.033827
../instances/exact/exact147.gr 10657 0 250 250 0.04127
../instances/exact/exact149.gr 7136 0 250 250 0.044626
../instances/exact/exact151.gr 1258 0 250 250 0.028992
../instances/exact/exact153.gr 6 6 250 0 0.04938
../instances/exact/exact155.gr 124 0 263 134 0.036798
../instances/exact/exact157.gr 1966 0 263 227 0.042588
../instances/exact/exact159.gr 3046 0 263 263 0.045313
../instances/exact/exact161.gr 506 0 279 211 0.043772
../instances/exact/exact163.gr 2734 0 279 261 0.056993
../instances/exact/exact165.gr 6677 0 279 279 0.076715
../instances/exact/exact167.gr 12484 0 300 300 0.099072
../instances/exact/exact169.gr 13008 0 300 300 0.09007
../instances/exact/exact171.gr 3495 0 300 300 0.059744
../instances/exact/exact173.gr 682 0 313 158 0.058993
../instances/exact/exact175.gr 896 0 313 196 0.061706
../instances/exact/exact177.gr 8889 0 313 313 0.109581
../instances/exact/exact179.gr 873 0 330 315 0.054111
../instances/exact/exact181.gr 1955 0 330 330 0.060494
../instances/exact/exact183.gr 4070 0 330 330 0.064989
../instances/exact/exact185.gr 327 0 347 179 0.07616
../instances/exact/exact187.gr 7502 0 347 303 0.103234
../instances/exact/exact189.gr 10350 0 347 347 0.150965
../instances/exact/exact191.gr 24591 0 400 400 0.210492
../instances/exact/exact193.gr 33618 0 400 400 0.226188
../instances/exact/exact195.gr 3581 0 620 560 0.377358
../instances/exact/exact197.gr 21675 0 620 620 0.508442
../instances/exact/exact199.gr 47353 0 620 620 0.551174
