../instances/exact/exact001.gr 4 3 10 0 5.9e-05
../instances/exact/exact003.gr 50 0 20 20 0.000269
../instances/exact/exact005.gr 49 1 20 18 0.000332
../instances/exact/exact007.gr 100 0 30 30 0.000687
../instances/exact/exact009.gr 106 0 30 30 0.000717
../instances/exact/exact011.gr 102 0 30 30 0.000706
../instances/exact/exact013.gr 226 0 40 40 0.001508
../instances/exact/exact015.gr 177 0 40 40 0.001569
../instances/exact/exact017.gr 309 0 50 50 0.002857
../instances/exact/exact019.gr 389 0 50 50 0.002706
../instances/exact/exact021.gr 350 0 50 50 0.002876
../instances/exact/exact023.gr 336 0 60 60 0.00424
../instances/exact/exact025.gr 544 0 60 60 0.004722
../instances/exact/exact027.gr 639 0 70 70 0.006343
../instances/exact/exact029.gr 627 0 70 70 0.006907
../instances/exact/exact031.gr 349 0 70 70 0.006028
../instances/exact/exact033.gr 885 0 80 80 0.009914
../instances/exact/exact035.gr 536 0 80 80 0.008871
../instances/exact/exact037.gr 953 0 90 90 0.012478
../instances/exact/exact039.gr 903 0 90 90 0.012634
../instances/exact/exact041.gr 184 0 90 90 0.010665
../instances/exact/exact043.gr 1347 0 100 100 0.017465
../instances/exact/exact045.gr 1285 0 100 100 0.018358
../instances/exact/exact047.gr 845 0 100 100 0.016335
../instances/exact/exact049.gr 1249 0 113 113 0.023585
../instances/exact/exact051.gr 2091 0 120 120 0.029974
../instances/exact/exact053.gr 1838 0 120 120 0.029253
../instances/exact/exact055.gr 1680 0 120 120 0.028897
../instances/exact/exact057.gr 167 0 121 68 0.013268
../instances/exact/exact059.gr 1416 1 121 117 0.029903
../instances/exact/exact061.gr 127 9 129 65 0.017098
../instances/exact/exact063.gr 753 4 129 101 0.028362
../instances/exact/exact065.gr 128 0 129 129 0.02389
../instances/exact/exact067.gr 991 1 139 120 0.03133
../instances/exact/exact069.gr 2780 0 140 140 0.044963
../instances/exact/exact071.gr 2904 0 140 140 0.045615
../instances/exact/exact073.gr 2137 0 140 140 0.042727
../instances/exact/exact075.gr 150 4 144 66 0.02252
../instances/exact/exact077.gr 88 45 144 45 0.034017
../instances/exact/exact079.gr 56 6 159 48 0.023781
../instances/exact/exact081.gr 2652 0 159 159 0.061078
../instances/exact/exact083.gr 3830 0 160 160 0.066517
../instances/exact/exact085.gr 1360 0 160 160 0.053567
../instances/exact/exact087.gr 3672 0 160 160 0.063376
../instances/exact/exact089.gr 785 1 171 169 0.056849
../instances/exact/exact091.gr 4349 0 180 180 0.088081
../instances/exact/exact093.gr 5275 0 180 180 0.093964
../instances/exact/exact095.gr 452 0 180 180 0.067437
../instances/exact/exact097.gr 126 1 184 137 0.047799
../instances/exact/exact099.gr 948 2 184 179 0.066578
../instances/exact/exact101.gr 5690 0 200 200 0.121559
../instances/exact/exact103.gr 5781 0 200 200 0.128161
../instances/exact/exact105.gr 6359 0 200 200 0.128169
../instances/exact/exact107.gr 325 0 204 149 0.062452
../instances/exact/exact109.gr 3055 0 204 179 0.094678
../instances/exact/exact111.gr 2773 1 204 196 0.127349
../instances/exact/exact113.gr 1098 0 204 204 0.095747
../instances/exact/exact115.gr 409 3 211 149 0.074676
../instances/exact/exact117.gr 3435 1 211 204 0.13466
../instances/exact/exact119.gr 207 5 213 90 0.0622
../instances/exact/exact121.gr 769 1 213 192 0.126963
../instances/exact/exact123.gr 557 2 215 157 0.081669
../instances/exact/exact125.gr 1727 0 215 215 0.132468
../instances/exact/exact127.gr 136 26 216 105 0.088823
../instances/exact/exact129.gr 2840 3 216 210 0.134961
../instances/exact/exact131.gr 493 26 221 148 0.094499
../instances/exact/exact133.gr 5790 0 221 221 0.16438
../instances/exact/exact135.gr 970 3 232 135 0.0919
../instances/exact/exact137.gr 16 12 232 2 0.210915
../instances/exact/exact139.gr 6192 0 232 232 0.159409
../instances/exact/exact141.gr 902 0 250 234 0.132212
../instances/exact/exact143.gr 2054 0 250 247 0.158356
../instances/exact/exact145.gr 2692 0 250 250 0.168564
../instances/exact/exact147.gr 5038 0 250 250 0.192212
../instances/exact/exact149.gr 6709 0 250 250 0.204172
../instances/exact/exact151.gr 1258 0 250 250 0.164814
../instances/exact/exact153.gr 6 6 250 0 0.163177
../instances/exact/exact155.gr 105 0 263 124 0.107967
../instances/exact/exact157.gr 1437 37 263 175 0.170107
../instances/exact/exact159.gr 1550 0 263 263 0.22205
../instances/exact/exact161.gr 403 4 279 204 0.162959
../instances/exact/exact163.gr 2224 22 279 203 0.235608
../instances/exact/exact165.gr 6677 0 279 279 0.320265
../instances/exact/exact167.gr 12484 0 300 300 0.399049
../instances/exact/exact169.gr 13008 0 300 300 0.388363
../instances/exact/exact171.gr 3114 0 300 300 0.333268
../instances/exact/exact173.gr 120 3 313 139 0.183979
../instances/exact/exact175.gr 811 1 313 192 0.208491
../instances/exact/exact177.gr 5372 0 313 313 0.432134
../instances/exact/exact179.gr 873 5 330 305 0.288934
../instances/exact/exact181.gr 1955 0 330 330 0.330556
../instances/exact/exact183.gr 3505 0 330 330 0.349495
../instances/exact/exact185.gr 303 1 347 169 0.23465
../instances/exact/exact187.gr 5131 0 347 303 0.402884
../instances/exact/exact189.gr 10350 0 347 347 0.640148
../instances/exact/exact191.gr 23893 0 400 400 0.921109
../instances/exact/exact193.gr 24681 0 400 400 0.997141
../instances/exact/exact195.gr 3413 0 620 559 1.77927
../instances/exact/exact197.gr 21675 0 620 620 2.53727
../instances/exact/exact199.gr 32648 0 620 620 2.79626
../instances/heur/heur001.gr 11 0 10 10 7.3e-05
../instances/heur/heur003.gr 1838 0 120 120 0.029326
../instances/heur/heur005.gr 3159 0 160 160 0.062814
../instances/heur/heur007.gr 5690 0 200 200 0.121282
../instances/heur/heur009.gr 902 0 250 234 0.133089
../instances/heur/heur011.gr 2692 0 250 250 0.168533
../instances/heur/heur013.gr 6709 0 250 250 0.203964
../instances/heur/heur015.gr 9339 0 300 300 0.363526
../instances/heur/heur017.gr 9811 0 300 300 0.365878
../instances/heur/heur019.gr 10816 0 300 300 0.371998
../instances/heur/heur021.gr 6822 0 320 320 0.453247
../instances/heur/heur023.gr 7680 9 329 297 0.459836
../instances/heur/heur025.gr 5742 0 329 328 0.467978
../instances/heur/heur027.gr 1385 3 330 326 0.319712
../instances/heur/heur029.gr 2614 0 330 330 0.340266
../instances/heur/heur031.gr 4319 0 330 330 0.361084
../instances/heur/heur033.gr 8684 0 330 330 0.396962
../instances/heur/heur035.gr 4145 9 345 278 0.534519
../instances/heur/heur037.gr 10350 0 347 347 0.606991
../instances/heur/heur039.gr 6367 10 361 339 0.564845
../instances/heur/heur041.gr 4891 0 361 361 0.610498
../instances/heur/heur043.gr 10405 4 374 369 0.734091
../instances/heur/heur045.gr 7609 0 391 359 0.601961
../instances/heur/heur047.gr 19496 0 391 391 0.943725
../instances/heur/heur049.gr 20339 0 400 400 0.917774
../instances/heur/heur051.gr 8884 0 400 400 0.79585
../instances/heur/heur053.gr 9437 0 400 400 0.782342
../instances/heur/heur055.gr 4733 0 449 449 0.958219
../instances/heur/heur057.gr 4041 10 491 458 1.06256
../instances/heur/heur059.gr 17785 0 491 491 1.44285
../instances/heur/heur061.gr 33949 0 500 500 1.77288
../instances/heur/heur063.gr 36998 0 500 500 1.75791
../instances/heur/heur065.gr 39598 0 500 500 1.92778
../instances/heur/heur067.gr 3955 1 533 503 1.47144
../instances/heur/heur069.gr 3111 10 551 416 1.29816
../instances/heur/heur071.gr 18873 0 551 551 2.11255
../instances/heur/heur073.gr 7927 3 601 586 2.33421
../instances/heur/heur075.gr 3413 0 620 559 1.80596
../instances/heur/heur077.gr 21675 0 620 620 2.55732
../instances/heur/heur079.gr 32648 0 620 620 2.89181
../instances/heur/heur081.gr 9088 18 871 721 5.07805
../instances/heur/heur083.gr 20017 8 871 850 6.63137
../instances/heur/heur085.gr 46566 0 871 871 8.05411
../instances/heur/heur087.gr 3310 23 885 442 4.74001
../instances/heur/heur087.gr TLE
../instances/heur/heur089.gr 2504 38 885 603 5.79417
../instances/heur/heur089.gr TLE
../instances/heur/heur091.gr 31562 5 926 831 7.28287
../instances/heur/heur093.gr 47898 5 926 918 9.08006
../instances/heur/heur095.gr 4574 30 1051 692 8.1742
../instances/heur/heur097.gr 6406 50 1051 947 10.9782
../instances/heur/heur099.gr 22514 3 1190 1149 16.5776
../instances/heur/heur101.gr 37428 0 1190 1190 20.0425
../instances/heur/heur103.gr 16600 20 1292 1114 19.4475
../instances/heur/heur105.gr 43071 17 1292 1261 24.5908
../instances/heur/heur107.gr 6970 21 1345 1034 19.478
../instances/heur/heur109.gr 32505 20 1345 1190 23.944
../instances/heur/heur111.gr 87529 2 1345 1342 32.2594
../instances/heur/heur113.gr 13575 16 1386 1284 24.4483
../instances/heur/heur115.gr 41327 0 1386 1386 28.4448
../instances/heur/heur117.gr 14694 40 2054 1654 74.5877
../instances/heur/heur119.gr 24800 22 2054 2011 86.5626
../instances/heur/heur121.gr 92331 23 2054 1988 95.0521
../instances/heur/heur123.gr 19920 18 2362 2268 127.291
../instances/heur/heur125.gr 46579 0 2362 2362 131.966
../instances/heur/heur127.gr 27959 2 2831 2501 171.666
../instances/heur/heur129.gr 665068 0 2831 2831 305.335
../instances/heur/heur131.gr 1021507 0 2831 2831 332.755
../instances/heur/heur133.gr 445 445 2831 0 726.546
../instances/heur/heur135.gr 28366 1 2912 2549 187.266
../instances/heur/heur137.gr 707163 0 2912 2912 333.77
../instances/heur/heur139.gr 1193663 0 2912 2912 366.823
../instances/heur/heur141.gr 2280 0 2936 707 68.6382
../instances/heur/heur143.gr 209707 0 2936 2936 263.248
../instances/heur/heur145.gr 1473168 0 2936 2936 471.936
../instances/heur/heur147.gr 169200 0 2936 2936 268.512
../instances/heur/heur149.gr 4629 1 2939 871 80.1418
../instances/heur/heur151.gr 53675 1 2939 2672 200.611
../instances/heur/heur153.gr 243739 0 2939 2939 264.778
../instances/heur/heur155.gr 751684 0 2939 2939 344.064
../instances/heur/heur157.gr 1194441 0 2939 2939 459.109
../instances/heur/heur159.gr 1285993 0 2939 2939 384.651
../instances/heur/heur161.gr 22268 0 2939 2939 258.797
../instances/heur/heur163.gr 81265 6 3387 3193 362.191
../instances/heur/heur165.gr 474344 0 3387 3387 460.587
../instances/heur/heur167.gr 9144 11 5242 4602 995.448
../instances/heur/heur169.gr 12320 53 6474 6369 1692.61
../instances/heur/heur171.gr TLE
../instances/heur/heur173.gr TLE
../instances/heur/heur175.gr TLE
../instances/heur/heur177.gr TLE
../instances/heur/heur179.gr TLE
../instances/heur/heur181.gr TLE
../instances/heur/heur183.gr TLE
../instances/heur/heur185.gr TLE
../instances/heur/heur187.gr TLE
../instances/heur/heur189.gr TLE
../instances/heur/heur191.gr TLE
../instances/heur/heur193.gr TLE
../instances/heur/heur195.gr TLE
../instances/heur/heur197.gr TLE
../instances/heur/heur199.gr TLE
